<?xml version="1.0" encoding="UTF-8"?>
<testng-results ignored="0" total="4" passed="4" failed="0" skipped="0">
  <reporter-output>
  </reporter-output>
  <suite started-at="2026-07-21T21:28:28 IST" name="Surefire suite" finished-at="2026-07-21T21:31:10 IST" duration-ms="161900">
    <groups>
    </groups>
    <test started-at="2026-07-21T21:28:28 IST" name="Surefire test" finished-at="2026-07-21T21:31:10 IST" duration-ms="161900">
      <class name="tests.LoginTest">
        <test-method is-config="true" signature="setup()[pri:0, instance:tests.LoginTest@6af93788]" started-at="2026-07-21T21:28:28 IST" name="setup" finished-at="2026-07-21T21:29:27 IST" duration-ms="58904" status="PASS">
          <reporter-output>
          </reporter-output>
        </test-method> <!-- setup -->
        <test-method signature="ClickContinuebtn()[pri:0, instance:tests.LoginTest@6af93788]" started-at="2026-07-21T21:29:27 IST" name="ClickContinuebtn" description="Verify user is able to click continue button" finished-at="2026-07-21T21:29:28 IST" duration-ms="867" status="PASS">
          <reporter-output>
          </reporter-output>
        </test-method> <!-- ClickContinuebtn -->
        <test-method is-config="true" signature="tearDown()[pri:0, instance:tests.LoginTest@6af93788]" started-at="2026-07-21T21:29:28 IST" name="tearDown" finished-at="2026-07-21T21:29:42 IST" duration-ms="14369" status="PASS">
          <reporter-output>
          </reporter-output>
        </test-method> <!-- tearDown -->
        <test-method is-config="true" signature="setup()[pri:0, instance:tests.LoginTest@6af93788]" started-at="2026-07-21T21:29:42 IST" name="setup" finished-at="2026-07-21T21:30:01 IST" duration-ms="18910" status="PASS">
          <reporter-output>
          </reporter-output>
        </test-method> <!-- setup -->
        <test-method signature="UserIdEnter()[pri:0, instance:tests.LoginTest@6af93788]" started-at="2026-07-21T21:30:01 IST" name="UserIdEnter" description="Verify user is able to enter the user id" finished-at="2026-07-21T21:30:02 IST" duration-ms="210" status="PASS">
          <reporter-output>
          </reporter-output>
        </test-method> <!-- UserIdEnter -->
        <test-method is-config="true" signature="tearDown()[pri:0, instance:tests.LoginTest@6af93788]" started-at="2026-07-21T21:30:02 IST" name="tearDown" finished-at="2026-07-21T21:30:12 IST" duration-ms="10334" status="PASS">
          <reporter-output>
          </reporter-output>
        </test-method> <!-- tearDown -->
        <test-method is-config="true" signature="setup()[pri:0, instance:tests.LoginTest@6af93788]" started-at="2026-07-21T21:30:12 IST" name="setup" finished-at="2026-07-21T21:30:33 IST" duration-ms="21369" status="PASS">
          <reporter-output>
          </reporter-output>
        </test-method> <!-- setup -->
        <test-method signature="passwordEnter()[pri:0, instance:tests.LoginTest@6af93788]" started-at="2026-07-21T21:30:33 IST" name="passwordEnter" description="Verify user is able to enter password" finished-at="2026-07-21T21:30:34 IST" duration-ms="304" status="PASS">
          <reporter-output>
          </reporter-output>
        </test-method> <!-- passwordEnter -->
        <test-method is-config="true" signature="tearDown()[pri:0, instance:tests.LoginTest@6af93788]" started-at="2026-07-21T21:30:34 IST" name="tearDown" finished-at="2026-07-21T21:30:43 IST" duration-ms="8920" status="PASS">
          <reporter-output>
          </reporter-output>
        </test-method> <!-- tearDown -->
        <test-method is-config="true" signature="setup()[pri:0, instance:tests.LoginTest@6af93788]" started-at="2026-07-21T21:30:43 IST" name="setup" finished-at="2026-07-21T21:31:07 IST" duration-ms="24574" status="PASS">
          <reporter-output>
          </reporter-output>
        </test-method> <!-- setup -->
        <test-method signature="userLoginTest()[pri:0, instance:tests.LoginTest@6af93788]" started-at="2026-07-21T21:31:07 IST" name="userLoginTest" description="Verify logo is displayed" finished-at="2026-07-21T21:31:07 IST" duration-ms="100" status="PASS">
          <reporter-output>
          </reporter-output>
        </test-method> <!-- userLoginTest -->
        <test-method is-config="true" signature="tearDown()[pri:0, instance:tests.LoginTest@6af93788]" started-at="2026-07-21T21:31:07 IST" name="tearDown" finished-at="2026-07-21T21:31:10 IST" duration-ms="2948" status="PASS">
          <reporter-output>
          </reporter-output>
        </test-method> <!-- tearDown -->
      </class> <!-- tests.LoginTest -->
    </test> <!-- Surefire test -->
  </suite> <!-- Surefire suite -->
</testng-results>
