<?xml version="1.0" encoding="UTF-8"?>
<!-- Generated by org.testng.reporters.JUnitXMLReporter -->
<testsuite ignored="0" hostname="AdityaPatwari" failures="0" tests="4" name="Surefire test" time="161.9" errors="0" timestamp="2026-07-21T21:31:10 IST">
  <testcase classname="tests.LoginTest" name="ClickContinuebtn" time="0.867"/>
  <testcase classname="tests.LoginTest" name="UserIdEnter" time="0.21"/>
  <testcase classname="tests.LoginTest" name="passwordEnter" time="0.304"/>
  <testcase classname="tests.LoginTest" name="userLoginTest" time="0.1"/>
</testsuite> <!-- Surefire test -->
