<?xml version="1.0" encoding="UTF-8"?>
<!-- Generated by org.testng.reporters.JUnitXMLReporter -->
<testsuite ignored="0" hostname="AdityaPatwari" failures="0" tests="4" name="Default test" time="334.718" errors="0" timestamp="2026-07-21T21:27:43 IST">
  <testcase classname="tests.LoginTest" name="ClickContinuebtn" time="4.791"/>
  <testcase classname="tests.LoginTest" name="UserIdEnter" time="0.286"/>
  <testcase classname="tests.LoginTest" name="passwordEnter" time="0.209"/>
  <testcase classname="tests.LoginTest" name="userLoginTest" time="0.2"/>
</testsuite> <!-- Default test -->
