<?xml version="1.0" encoding="UTF-8"?>
<!-- Generated by org.testng.reporters.JUnitReportReporter -->
<testsuite hostname="AdityaPatwari" failures="0" tests="4" name="tests.LoginTest" time="161.809" errors="0" timestamp="2026-07-21T21:31:11 IST" skipped="0">
  <testcase classname="tests.LoginTest" name="passwordEnter" time="28.134"/>
  <testcase classname="tests.LoginTest" name="userLoginTest" time="69.338"/>
  <testcase classname="tests.LoginTest" name="ClickContinuebtn" time="25.184"/>
  <testcase classname="tests.LoginTest" name="UserIdEnter" time="39.153"/>
</testsuite> <!-- tests.LoginTest -->
