<?xml version="1.0" encoding="UTF-8"?>
<testng-results ignored="0" total="4" passed="4" failed="0" skipped="0">
  <reporter-output>
  </reporter-output>
  <suite started-at="2026-07-21T21:22:08 IST" name="Default suite" finished-at="2026-07-21T21:27:43 IST" duration-ms="334718">
    <groups>
    </groups>
    <test started-at="2026-07-21T21:22:08 IST" name="Default test" finished-at="2026-07-21T21:27:43 IST" duration-ms="334718">
      <class name="tests.LoginTest">
        <test-method is-config="true" signature="setup()[pri:0, instance:tests.LoginTest@40a4337a]" started-at="2026-07-21T21:22:09 IST" name="setup" finished-at="2026-07-21T21:23:54 IST" duration-ms="104845" status="PASS">
          <reporter-output>
          </reporter-output>
        </test-method> <!-- setup -->
        <test-method signature="ClickContinuebtn()[pri:0, instance:tests.LoginTest@40a4337a]" started-at="2026-07-21T21:23:54 IST" name="ClickContinuebtn" description="Verify user is able to click continue button" finished-at="2026-07-21T21:23:58 IST" duration-ms="4791" status="PASS">
          <reporter-output>
          </reporter-output>
        </test-method> <!-- ClickContinuebtn -->
        <test-method is-config="true" signature="tearDown()[pri:0, instance:tests.LoginTest@40a4337a]" started-at="2026-07-21T21:23:58 IST" name="tearDown" finished-at="2026-07-21T21:24:25 IST" duration-ms="26365" status="PASS">
          <reporter-output>
          </reporter-output>
        </test-method> <!-- tearDown -->
        <test-method is-config="true" signature="setup()[pri:0, instance:tests.LoginTest@40a4337a]" started-at="2026-07-21T21:24:25 IST" name="setup" finished-at="2026-07-21T21:25:47 IST" duration-ms="81919" status="PASS">
          <reporter-output>
          </reporter-output>
        </test-method> <!-- setup -->
        <test-method signature="UserIdEnter()[pri:0, instance:tests.LoginTest@40a4337a]" started-at="2026-07-21T21:25:47 IST" name="UserIdEnter" description="Verify user is able to enter the user id" finished-at="2026-07-21T21:25:47 IST" duration-ms="286" status="PASS">
          <reporter-output>
          </reporter-output>
        </test-method> <!-- UserIdEnter -->
        <test-method is-config="true" signature="tearDown()[pri:0, instance:tests.LoginTest@40a4337a]" started-at="2026-07-21T21:25:47 IST" name="tearDown" finished-at="2026-07-21T21:25:53 IST" duration-ms="6069" status="PASS">
          <reporter-output>
          </reporter-output>
        </test-method> <!-- tearDown -->
        <test-method is-config="true" signature="setup()[pri:0, instance:tests.LoginTest@40a4337a]" started-at="2026-07-21T21:25:53 IST" name="setup" finished-at="2026-07-21T21:26:35 IST" duration-ms="42309" status="PASS">
          <reporter-output>
          </reporter-output>
        </test-method> <!-- setup -->
        <test-method signature="passwordEnter()[pri:0, instance:tests.LoginTest@40a4337a]" started-at="2026-07-21T21:26:35 IST" name="passwordEnter" description="Verify user is able to enter password" finished-at="2026-07-21T21:26:36 IST" duration-ms="209" status="PASS">
          <reporter-output>
          </reporter-output>
        </test-method> <!-- passwordEnter -->
        <test-method is-config="true" signature="tearDown()[pri:0, instance:tests.LoginTest@40a4337a]" started-at="2026-07-21T21:26:36 IST" name="tearDown" finished-at="2026-07-21T21:26:46 IST" duration-ms="9952" status="PASS">
          <reporter-output>
          </reporter-output>
        </test-method> <!-- tearDown -->
        <test-method is-config="true" signature="setup()[pri:0, instance:tests.LoginTest@40a4337a]" started-at="2026-07-21T21:26:46 IST" name="setup" finished-at="2026-07-21T21:27:27 IST" duration-ms="41360" status="PASS">
          <reporter-output>
          </reporter-output>
        </test-method> <!-- setup -->
        <test-method signature="userLoginTest()[pri:0, instance:tests.LoginTest@40a4337a]" started-at="2026-07-21T21:27:27 IST" name="userLoginTest" description="Verify logo is displayed" finished-at="2026-07-21T21:27:27 IST" duration-ms="200" status="PASS">
          <reporter-output>
          </reporter-output>
        </test-method> <!-- userLoginTest -->
        <test-method is-config="true" signature="tearDown()[pri:0, instance:tests.LoginTest@40a4337a]" started-at="2026-07-21T21:27:27 IST" name="tearDown" finished-at="2026-07-21T21:27:43 IST" duration-ms="15817" status="PASS">
          <reporter-output>
          </reporter-output>
        </test-method> <!-- tearDown -->
      </class> <!-- tests.LoginTest -->
    </test> <!-- Default test -->
  </suite> <!-- Default suite -->
</testng-results>
