<?xml version="1.0" encoding="UTF-8"?>
<!-- Generated by org.testng.reporters.JUnitReportReporter -->
<testsuite hostname="AdityaPatwari" failures="0" tests="4" name="tests.LoginTest" time="334.122" errors="0" timestamp="2026-07-21T21:27:46 IST" skipped="0">
  <testcase classname="tests.LoginTest" name="ClickContinuebtn" time="92.779"/>
  <testcase classname="tests.LoginTest" name="userLoginTest" time="51.512"/>
  <testcase classname="tests.LoginTest" name="UserIdEnter" time="58.412"/>
  <testcase classname="tests.LoginTest" name="passwordEnter" time="131.419"/>
</testsuite> <!-- tests.LoginTest -->
